<?xml version="1.0" encoding="UTF-8"?>
<!-- Generated by org.testng.reporters.JUnitReportReporter -->
<testsuite hostname="Thippeswamy" failures="0" tests="2" name="testng.Add_to_wishlist_genericTest" time="75.195" errors="0" timestamp="2024-04-17T19:03:19 IST" skipped="0">
  <testcase classname="testng.Add_to_wishlist_genericTest" name="order" time="36.732"/>
  <system-out>
    <![CDATA[execution starts from here
----> executed successfully<-----]]>
  </system-out>
  <testcase classname="testng.Add_to_wishlist_genericTest" name="order" time="38.463"/>
  <system-out>
    <![CDATA[execution starts from here
----> executed successfully<-----]]>
  </system-out>
</testsuite> <!-- testng.Add_to_wishlist_genericTest -->
