<?xml version="1.0" encoding="UTF-8"?>
<!-- Generated by org.testng.reporters.JUnitReportReporter -->
<testsuite hostname="Thippeswamy" failures="0" tests="2" name="testng.Multi_item_cart_orderTest" time="48.043" errors="0" timestamp="2024-04-17T19:03:19 IST" skipped="0">
  <testcase classname="testng.Multi_item_cart_orderTest" name="multi_order" time="24.085"/>
  <system-out>
    <![CDATA[execution starts from here
----> executed successfully<-----]]>
  </system-out>
  <testcase classname="testng.Multi_item_cart_orderTest" name="multi_order" time="23.958"/>
  <system-out>
    <![CDATA[execution starts from here
----> executed successfully<-----]]>
  </system-out>
</testsuite> <!-- testng.Multi_item_cart_orderTest -->
