<?xml version="1.0" encoding="UTF-8"?>
<!-- Generated by org.testng.reporters.JUnitReportReporter -->
<testsuite hostname="Thippeswamy" failures="0" tests="3" name="testng.practicetest" time="0.019" errors="0" timestamp="2024-04-15T19:36:33 IST" skipped="0">
  <testcase classname="testng.practicetest" name="getdata" time="0.001"/>
  <system-out/>
  <testcase classname="testng.practicetest" name="getdata" time="0.002"/>
  <system-out/>
  <testcase classname="testng.practicetest" name="getdata" time="0.016"/>
  <system-out/>
</testsuite> <!-- testng.practicetest -->
