<?xml version="1.0" encoding="UTF-8"?>
<!-- Generated by org.testng.reporters.JUnitReportReporter -->
<testsuite hostname="Thippeswamy" failures="0" tests="2" name="User_module.Add_to_wishlist_generic_test" time="89.886" errors="0" timestamp="2024-04-12T15:12:15 IST" skipped="0">
  <testcase classname="User_module.Add_to_wishlist_generic_test" name="order" time="44.943"/>
  <system-out/>
  <testcase classname="User_module.Add_to_wishlist_generic_test" name="order" time="44.943"/>
  <system-out/>
</testsuite> <!-- User_module.Add_to_wishlist_generic_test -->
