<?xml version="1.0" encoding="UTF-8"?>
<!-- Generated by org.testng.reporters.JUnitReportReporter -->
<testsuite hostname="Thippeswamy" failures="0" tests="1" name="testng.Create_cat_to_insertTest" time="52.784" errors="0" timestamp="2024-04-17T15:00:44 IST" skipped="0">
  <testcase classname="testng.Create_cat_to_insertTest" name="insert_TO_order" time="52.784"/>
  <system-out>
    <![CDATA[execution starts from here
----> executed successfully<-----]]>
  </system-out>
</testsuite> <!-- testng.Create_cat_to_insertTest -->
