<?xml version="1.0" encoding="UTF-8"?>
<!-- Generated by org.testng.reporters.JUnitReportReporter -->
<testsuite hostname="Thippeswamy" failures="0" tests="1" name="User_module.Multi_item_cart_order_generic" time="13.825" errors="0" timestamp="2024-04-15T18:04:49 IST" skipped="0">
  <testcase classname="User_module.Multi_item_cart_order_generic" name="multi_order" time="13.825"/>
  <system-out>
    <![CDATA[execution starts from here
----> executed successfully<-----]]>
  </system-out>
</testsuite> <!-- User_module.Multi_item_cart_order_generic -->
