<?xml version="1.0" encoding="UTF-8"?>
<!-- Generated by org.testng.reporters.JUnitReportReporter -->
<testsuite hostname="Thippeswamy" failures="0" tests="1" name="testng.Multi_item_cart_order_generic" time="18.854" errors="0" timestamp="2024-04-15T19:00:34 IST" skipped="0">
  <testcase classname="testng.Multi_item_cart_order_generic" name="multi_order" time="18.854"/>
  <system-out>
    <![CDATA[execution starts from here
----> executed successfully<-----]]>
  </system-out>
</testsuite> <!-- testng.Multi_item_cart_order_generic -->
