<?xml version="1.0" encoding="UTF-8"?>
<!-- Generated by org.testng.reporters.JUnitReportReporter -->
<testsuite hostname="Thippeswamy" failures="0" tests="2" name="testng.wishlist_add_remove_itemTest" time="26.757" errors="0" timestamp="2024-04-17T19:03:19 IST" skipped="0">
  <testcase classname="testng.wishlist_add_remove_itemTest" name="wishlist" time="14.449"/>
  <system-out>
    <![CDATA[execution starts from here
----> executed successfully<-----]]>
  </system-out>
  <testcase classname="testng.wishlist_add_remove_itemTest" name="wishlist" time="12.308"/>
  <system-out>
    <![CDATA[execution starts from here
----> executed successfully<-----]]>
  </system-out>
</testsuite> <!-- testng.wishlist_add_remove_itemTest -->
