<?xml version="1.0" encoding="UTF-8"?>
<!-- Generated by org.testng.reporters.JUnitReportReporter -->
<testsuite hostname="Thippeswamy" failures="0" tests="2" name="testng.TrackorderTest" time="25.595" errors="0" timestamp="2024-04-17T19:03:19 IST" skipped="0">
  <testcase classname="testng.TrackorderTest" name="track" time="18.066"/>
  <system-out>
    <![CDATA[execution starts from here
----> executed successfully<-----]]>
  </system-out>
  <testcase classname="testng.TrackorderTest" name="track" time="7.529"/>
  <system-out>
    <![CDATA[execution starts from here
----> executed successfully<-----]]>
  </system-out>
</testsuite> <!-- testng.TrackorderTest -->
