<?xml version="1.0" encoding="UTF-8"?>
<!-- Generated by org.testng.reporters.JUnitReportReporter -->
<testsuite hostname="Thippeswamy" failures="0" tests="1" name="testng.Trackorder_generic" time="3.907" errors="0" timestamp="2024-04-15T18:56:38 IST" skipped="0">
  <testcase classname="testng.Trackorder_generic" name="track" time="3.907"/>
  <system-out>
    <![CDATA[execution starts from here
----> executed successfully<-----]]>
  </system-out>
</testsuite> <!-- testng.Trackorder_generic -->
