<?xml version="1.0" encoding="UTF-8"?>
<!-- Generated by org.testng.reporters.JUnitReportReporter -->
<testsuite hostname="Thippeswamy" failures="0" tests="1" name="testng.wishlist_add_remove_item_generic" time="3.102" errors="0" timestamp="2024-04-15T18:56:38 IST" skipped="0">
  <testcase classname="testng.wishlist_add_remove_item_generic" name="wishlist" time="3.102"/>
  <system-out>
    <![CDATA[execution starts from here
----> executed successfully<-----]]>
  </system-out>
</testsuite> <!-- testng.wishlist_add_remove_item_generic -->
